[LOG] Manager::init                            : maxchannels = 1024 studioflags = 00000009 flags 00000000 extradriverdata 0000000000000000.
[LOG] SystemI::init                            : FMOD Studio Version: 00010906 (88495)
[LOG] SystemI::init                            : maxchannels = 1024, flags = 00030000, extradriverdata = 0000000000000000
[LOG] SystemI::setOutputInternal               : Setting output to type 0
[LOG] SystemI::setOutputInternal               : Setting output to type 8
[LOG] SystemI::setOutputInternal               : Setting output to type 8
[LOG] OutputWASAPI::init                       : Mix Format (WAVEFORMATEX): wFormatTag=0xFFFE, nChannels=2, nSamplesPerSec=48000, nAvgBytesPerSec=384000, nBlockAlign=8, wBitsPerSample=32, cbSize=22.
[LOG] OutputWASAPI::init                       : Mix Format (WAVEFORMATEXTENSIBLE): wValidBitsPerSample=32, dwChannelMask=0x00000003, SubFormat=00000003-0000-0010-8000-00AA00389B71.
[LOG] OutputWASAPI::init                       : Output buffer size: 4096 samples, latency: 0.00ms, period: 10.00ms, DSP buffer: 1024 * 4
[LOG] SystemI::init                            : Create master channel group and master sound group.
[LOG] SystemI::init                            : Set up emulated output.  1024 channels
[LOG] SystemI::init                            : create the channel pool
[LOG] SystemI::init                            : create the stream thread
[LOG] Thread::initThread                       : Init FMOD stream thread. Priority: 2, Stack Size: 65536, Semaphore: No, Sleep Time: 10, Looping: Yes.
[LOG] SystemI::DSPCodecPoolRegister            : register codec pool for pool type 5
[LOG] Thread::initThread                       : Init FMOD mixer thread. Priority: 3, Stack Size: 49152, Semaphore: No, Sleep Time: 0, Looping: Yes.
[LOG] AsyncManager::init                       : manager 0000000051B8E4C8 isAsync 1 updatePeriod 0.02
[LOG] Thread::initThread                       : Init FMOD Studio update thread. Priority: 0, Stack Size: 65536, Semaphore: No, Sleep Time: 1, Looping: No.
[LOG] AsyncManager::init                       : done
[LOG] PlaybackSystem::init                     : 
[LOG] Thread::initThread                       : Init FMOD Studio sample load thread. Priority: 0, Stack Size: 65536, Semaphore: No, Sleep Time: 1, Looping: No.
[LOG] PlaybackSystem::init                     : done
[LOG] LiveUpdate::init                         : 
[LOG] Thread::initThread                       : Init FMOD Studio bank load thread. Priority: 0, Stack Size: 65536, Semaphore: No, Sleep Time: 1, Looping: No.
[LOG] Manager::init                            : done.
[LOG] Profile::init                            : Profiler listening on port: 9264
[LOG] Manager::readBank                        : fileversion = 88, compatVersion = 86 (oldest = 44, newest = 88)
[LOG] Manager::readBank                        : fileversion = 88, compatVersion = 86 (oldest = 44, newest = 88)
[LOG] PlaybackSystem::acquireMasterBus         : Setting master channel group format to 6
[LOG] SystemI::createSound                     : filename = D:\Cindy Ho\Documents\Tower Defense Assets\FMOD\FMOD Project\Build\Desktop/Master Bank.bank : mode 02012082
[LOG] SystemI::createSound                     : FMOD_NONBLOCKING specified.  Putting into queue to be opened asynchronously!
[LOG] Thread::initThread                       : Init FMOD nonblocking thread (0). Priority: 1, Stack Size: 81920, Semaphore: Yes, Sleep Time: 0, Looping: Yes.
[LOG] SystemI::createSound                     : setdata soundi = 0000000051768CE8 : node = 000000000082FC60
[LOG] SystemI::createSound                     : add node to async list : head = 0000000051B44FF8.  list count = 0
[LOG] AsyncThread::threadFunc                  : Starting Asynchronous operation on sound 0000000051768CE8
[LOG] SystemI::createSoundInternal             :     filename = D:\Cindy Ho\Documents\Tower Defense Assets\FMOD\FMOD Project\Build\Desktop/Master Bank.bank : mode 02012082
[LOG] SystemI::createSoundInternal             :     exinfo->cbsize             = 232
[LOG] SystemI::createSoundInternal             :     exinfo->length             = 3986080
[LOG] SystemI::createSoundInternal             :     exinfo->fileoffset         = 24832
[LOG] SystemI::createSoundInternal             :     exinfo->numsubsounds       = 1
[LOG] SystemI::createSoundInternal             :     exinfo->inclusionlist      = 000000000082FD78
[LOG] SystemI::createSoundInternal             :     exinfo->inclusionlistnum   = 1
[LOG] SystemI::createSoundInternal             :     exinfo->suggestedsoundtype = 5
[LOG] SystemI::createSoundInternal             :     Format has 1 subsounds.
[LOG] SystemI::createSoundInternal             :     Create as FMOD_CREATESTREAM
[LOG] System::createSoundInternal              :     decode buffersize = 19200 : blocksize = 256 : format = 2
[LOG] SystemI::createSample                    :     mode 02012082 length 19200 samples, lengthbytes 1038944
[LOG] SystemI::createSample                    :     channels = 2
[LOG] SystemI::createSample                    :     output = 00000000558C7A48
[LOG] OutputSoftware::createSample             :     lengthpcm 19200, lengthbytes 1038944, channels 2, format 2, freq 48000, mode 0201208a
[LOG] System::createSoundInternal              :     1 subsounds detected.
[LOG] System::createSoundInternal              :     Seek stream to start
[LOG] System::createSoundInternal              :     switch file handle from small blocking single buffered to large nonblocking doublebuffered.
[LOG] Thread::initThread                       :         Init FMOD file thread. Priority: 1, Stack Size: 16384, Semaphore: No, Sleep Time: 10, Looping: Yes.
[LOG] SystemI::createSoundInternal             :     done.  OpenState now = FMOD_OPENSTATE_READY.

[LOG] AsyncThread::threadFunc                  : Finished Asynchronous operation on sound 0000000051768CE8
[LOG] SoundI::getSubSound                      : sound 0000000051768CE8.  Subsound index 0 / 1
[LOG] SoundI::getSubSound                      : starting non blocking seek and setting sound to not ready state
[LOG] SoundI::getSubSound                      : finished preparing nonblocking getSubSound seek
[LOG] AsyncThread::threadFunc                  : Starting Asynchronous operation on sound 0000000051768E98
[LOG] AsyncThread::threadFunc                  :     done setposition
[LOG] AsyncThread::threadFunc                  :     done flush
[LOG] AsyncThread::threadFunc                  : Finished Asynchronous operation on sound 0000000051768E98
[LOG] AsyncThread::threadFunc                  : Starting Asynchronous operation on sound 0000000051768E98
[LOG] AsyncThread::threadFunc                  : Finished Asynchronous operation on sound 0000000051768E98
[LOG] SystemI::createSoundInternal             : filename =  : mode 02000202
[LOG] SystemI::createSoundInternal             : exinfo->cbsize             = 232
[LOG] SystemI::createSoundInternal             : exinfo->length             = 3986080
[LOG] SystemI::createSoundInternal             : exinfo->fileoffset         = 24832
[LOG] SystemI::createSoundInternal             : exinfo->numsubsounds       = 1
[LOG] SystemI::createSoundInternal             : exinfo->inclusionlist      = 000000007D0DFBF8
[LOG] SystemI::createSoundInternal             : exinfo->inclusionlistnum   = 1
[LOG] SystemI::createSoundInternal             : exinfo->suggestedsoundtype = 5
[LOG] SystemI::createSoundInternal             : exinfo->useropen           = 00007FFD14327110
[LOG] SystemI::createSoundInternal             : exinfo->userclose          = 00007FFD143270E0
[LOG] SystemI::createSoundInternal             : exinfo->userread           = 00007FFD143271E0
[LOG] SystemI::createSoundInternal             : exinfo->userseek           = 00007FFD14327290
[LOG] SystemI::createSoundInternal             : exinfo->fileuserdata       = 0000000051E880D8
[LOG] SystemI::DSPCodecPoolRegister            : register codec pool for pool type 5
[LOG] SystemI::createSoundInternal             : Format has 1 subsounds.
[LOG] SystemI::createSoundInternal             : Create as FMOD_CREATESAMPLE
[LOG] SystemI::createSoundInternal             : Multi-sample sound (1 subsounds), create a sample container.
[LOG] SystemI::createSoundInternal             : creating subsound 0/1
[LOG] SystemI::createSample                    : mode 02000202 length 19770 samples, lengthbytes 5120
[LOG] SystemI::createSample                    : channels = 2
[LOG] SystemI::createSample                    : output = 00000000558C7A48
[LOG] OutputSoftware::createSample             : lengthpcm 19770, lengthbytes 5120, channels 2, format 2, freq 48000, mode 0200020a
[LOG] SystemI::createSoundInternal             : No name found in file, use filename.
[LOG] SystemI::createSoundInternal             : done.  OpenState now = FMOD_OPENSTATE_READY.

[LOG] SystemI::createSoundInternal             : filename =  : mode 02000202
[LOG] SystemI::createSoundInternal             : exinfo->cbsize             = 232
[LOG] SystemI::createSoundInternal             : exinfo->length             = 3986080
[LOG] SystemI::createSoundInternal             : exinfo->fileoffset         = 24832
[LOG] SystemI::createSoundInternal             : exinfo->numsubsounds       = 1
[LOG] SystemI::createSoundInternal             : exinfo->inclusionlist      = 000000007D0DFBF8
[LOG] SystemI::createSoundInternal             : exinfo->inclusionlistnum   = 1
[LOG] SystemI::createSoundInternal             : exinfo->suggestedsoundtype = 5
[LOG] SystemI::createSoundInternal             : exinfo->useropen           = 00007FFD14327110
[LOG] SystemI::createSoundInternal             : exinfo->userclose          = 00007FFD143270E0
[LOG] SystemI::createSoundInternal             : exinfo->userread           = 00007FFD143271E0
[LOG] SystemI::createSoundInternal             : exinfo->userseek           = 00007FFD14327290
[LOG] SystemI::createSoundInternal             : exinfo->fileuserdata       = 0000000051E8C918
[LOG] SystemI::DSPCodecPoolRegister            : register codec pool for pool type 5
[LOG] SystemI::createSoundInternal             : Format has 1 subsounds.
[LOG] SystemI::createSoundInternal             : Create as FMOD_CREATESAMPLE
[LOG] SystemI::createSoundInternal             : Multi-sample sound (1 subsounds), create a sample container.
[LOG] SystemI::createSoundInternal             : creating subsound 0/1
[LOG] SystemI::createSample                    : mode 02000202 length 179417 samples, lengthbytes 52928
[LOG] SystemI::createSample                    : channels = 2
[LOG] SystemI::createSample                    : output = 00000000558C7A48
[LOG] OutputSoftware::createSample             : lengthpcm 179417, lengthbytes 52928, channels 2, format 2, freq 48000, mode 0200020a
[LOG] SystemI::createSoundInternal             : No name found in file, use filename.
[LOG] SystemI::createSoundInternal             : done.  OpenState now = FMOD_OPENSTATE_READY.

[LOG] SystemI::createSoundInternal             : filename =  : mode 02000202
[LOG] SystemI::createSoundInternal             : exinfo->cbsize             = 232
[LOG] SystemI::createSoundInternal             : exinfo->length             = 3986080
[LOG] SystemI::createSoundInternal             : exinfo->fileoffset         = 24832
[LOG] SystemI::createSoundInternal             : exinfo->numsubsounds       = 1
[LOG] SystemI::createSoundInternal             : exinfo->inclusionlist      = 000000007D0DFBF8
[LOG] SystemI::createSoundInternal             : exinfo->inclusionlistnum   = 1
[LOG] SystemI::createSoundInternal             : exinfo->suggestedsoundtype = 5
[LOG] SystemI::createSoundInternal             : exinfo->useropen           = 00007FFD14327110
[LOG] SystemI::createSoundInternal             : exinfo->userclose          = 00007FFD143270E0
[LOG] SystemI::createSoundInternal             : exinfo->userread           = 00007FFD143271E0
[LOG] SystemI::createSoundInternal             : exinfo->userseek           = 00007FFD14327290
[LOG] SystemI::createSoundInternal             : exinfo->fileuserdata       = 0000000051E880D8
[LOG] SystemI::DSPCodecPoolRegister            : register codec pool for pool type 5
[LOG] SystemI::createSoundInternal             : Format has 1 subsounds.
[LOG] SystemI::createSoundInternal             : Create as FMOD_CREATESAMPLE
[LOG] SystemI::createSoundInternal             : Multi-sample sound (1 subsounds), create a sample container.
[LOG] SystemI::createSoundInternal             : creating subsound 0/1
[LOG] SystemI::createSample                    : mode 02000202 length 48075 samples, lengthbytes 10464
[LOG] SystemI::createSample                    : channels = 2
[LOG] SystemI::createSample                    : output = 00000000558C7A48
[LOG] OutputSoftware::createSample             : lengthpcm 48075, lengthbytes 10464, channels 2, format 2, freq 48000, mode 0200020a
[LOG] SystemI::createSoundInternal             : No name found in file, use filename.
[LOG] SystemI::createSoundInternal             : done.  OpenState now = FMOD_OPENSTATE_READY.

[LOG] SystemI::createSoundInternal             : filename =  : mode 02000202
[LOG] SystemI::createSoundInternal             : exinfo->cbsize             = 232
[LOG] SystemI::createSoundInternal             : exinfo->length             = 3986080
[LOG] SystemI::createSoundInternal             : exinfo->fileoffset         = 24832
[LOG] SystemI::createSoundInternal             : exinfo->numsubsounds       = 1
[LOG] SystemI::createSoundInternal             : exinfo->inclusionlist      = 000000007D0DFBF8
[LOG] SystemI::createSoundInternal             : exinfo->inclusionlistnum   = 1
[LOG] SystemI::createSoundInternal             : exinfo->suggestedsoundtype = 5
[LOG] SystemI::createSoundInternal             : exinfo->useropen           = 00007FFD14327110
[LOG] SystemI::createSoundInternal             : exinfo->userclose          = 00007FFD143270E0
[LOG] SystemI::createSoundInternal             : exinfo->userread           = 00007FFD143271E0
[LOG] SystemI::createSoundInternal             : exinfo->userseek           = 00007FFD14327290
[LOG] SystemI::createSoundInternal             : exinfo->fileuserdata       = 0000000051E88958
[LOG] SystemI::DSPCodecPoolRegister            : register codec pool for pool type 5
[LOG] SystemI::createSoundInternal             : Format has 1 subsounds.
[LOG] SystemI::createSoundInternal             : Create as FMOD_CREATESAMPLE
[LOG] SystemI::createSoundInternal             : Multi-sample sound (1 subsounds), create a sample container.
[LOG] SystemI::createSoundInternal             : creating subsound 0/1
[LOG] SystemI::createSample                    : mode 02000202 length 14943 samples, lengthbytes 2720
[LOG] SystemI::createSample                    : channels = 1
[LOG] SystemI::createSample                    : output = 00000000558C7A48
[LOG] OutputSoftware::createSample             : lengthpcm 14943, lengthbytes 2720, channels 1, format 2, freq 48000, mode 0200020a
[LOG] SystemI::createSoundInternal             : No name found in file, use filename.
[LOG] SystemI::createSoundInternal             : done.  OpenState now = FMOD_OPENSTATE_READY.

[LOG] SystemI::createSoundInternal             : filename =  : mode 02000202
[LOG] SystemI::createSoundInternal             : exinfo->cbsize             = 232
[LOG] SystemI::createSoundInternal             : exinfo->length             = 3986080
[LOG] SystemI::createSoundInternal             : exinfo->fileoffset         = 24832
[LOG] SystemI::createSoundInternal             : exinfo->numsubsounds       = 1
[LOG] SystemI::createSoundInternal             : exinfo->inclusionlist      = 000000007D0DFBF8
[LOG] SystemI::createSoundInternal             : exinfo->inclusionlistnum   = 1
[LOG] SystemI::createSoundInternal             : exinfo->suggestedsoundtype = 5
[LOG] SystemI::createSoundInternal             : exinfo->useropen           = 00007FFD14327110
[LOG] SystemI::createSoundInternal             : exinfo->userclose          = 00007FFD143270E0
[LOG] SystemI::createSoundInternal             : exinfo->userread           = 00007FFD143271E0
[LOG] SystemI::createSoundInternal             : exinfo->userseek           = 00007FFD14327290
[LOG] SystemI::createSoundInternal             : exinfo->fileuserdata       = 0000000051E880D8
[LOG] SystemI::DSPCodecPoolRegister            : register codec pool for pool type 5
[LOG] SystemI::createSoundInternal             : Format has 1 subsounds.
[LOG] SystemI::createSoundInternal             : Create as FMOD_CREATESAMPLE
[LOG] SystemI::createSoundInternal             : Multi-sample sound (1 subsounds), create a sample container.
[LOG] SystemI::createSoundInternal             : creating subsound 0/1
[LOG] SystemI::createSample                    : mode 02000202 length 169273 samples, lengthbytes 28928
[LOG] SystemI::createSample                    : channels = 2
[LOG] SystemI::createSample                    : output = 00000000558C7A48
[LOG] OutputSoftware::createSample             : lengthpcm 169273, lengthbytes 28928, channels 2, format 2, freq 48000, mode 0200020a
[LOG] SystemI::createSoundInternal             : No name found in file, use filename.
[LOG] SystemI::createSoundInternal             : done.  OpenState now = FMOD_OPENSTATE_READY.

[LOG] SystemI::createSoundInternal             : filename =  : mode 02000202
[LOG] SystemI::createSoundInternal             : exinfo->cbsize             = 232
[LOG] SystemI::createSoundInternal             : exinfo->length             = 3986080
[LOG] SystemI::createSoundInternal             : exinfo->fileoffset         = 24832
[LOG] SystemI::createSoundInternal             : exinfo->numsubsounds       = 1
[LOG] SystemI::createSoundInternal             : exinfo->inclusionlist      = 000000007D0DFBF8
[LOG] SystemI::createSoundInternal             : exinfo->inclusionlistnum   = 1
[LOG] SystemI::createSoundInternal             : exinfo->suggestedsoundtype = 5
[LOG] SystemI::createSoundInternal             : exinfo->useropen           = 00007FFD14327110
[LOG] SystemI::createSoundInternal             : exinfo->userclose          = 00007FFD143270E0
[LOG] SystemI::createSoundInternal             : exinfo->userread           = 00007FFD143271E0
[LOG] SystemI::createSoundInternal             : exinfo->userseek           = 00007FFD14327290
[LOG] SystemI::createSoundInternal             : exinfo->fileuserdata       = 0000000051E88958
[LOG] SystemI::DSPCodecPoolRegister            : register codec pool for pool type 5
[LOG] SystemI::createSoundInternal             : Format has 1 subsounds.
[LOG] SystemI::createSoundInternal             : Create as FMOD_CREATESAMPLE
[LOG] SystemI::createSoundInternal             : Multi-sample sound (1 subsounds), create a sample container.
[LOG] SystemI::createSoundInternal             : creating subsound 0/1
[LOG] SystemI::createSample                    : mode 02000202 length 146085 samples, lengthbytes 38208
[LOG] SystemI::createSample                    : channels = 2
[LOG] SystemI::createSample                    : output = 00000000558C7A48
[LOG] OutputSoftware::createSample             : lengthpcm 146085, lengthbytes 38208, channels 2, format 2, freq 48000, mode 0200020a
[LOG] SystemI::createSoundInternal             : No name found in file, use filename.
[LOG] SystemI::createSoundInternal             : done.  OpenState now = FMOD_OPENSTATE_READY.

[LOG] SystemI::createSoundInternal             : filename =  : mode 02000202
[LOG] SystemI::createSoundInternal             : exinfo->cbsize             = 232
[LOG] SystemI::createSoundInternal             : exinfo->length             = 3986080
[LOG] SystemI::createSoundInternal             : exinfo->fileoffset         = 24832
[LOG] SystemI::createSoundInternal             : exinfo->numsubsounds       = 1
[LOG] SystemI::createSoundInternal             : exinfo->inclusionlist      = 000000007D0DFBF8
[LOG] SystemI::createSoundInternal             : exinfo->inclusionlistnum   = 1
[LOG] SystemI::createSoundInternal             : exinfo->suggestedsoundtype = 5
[LOG] SystemI::createSoundInternal             : exinfo->useropen           = 00007FFD14327110
[LOG] SystemI::createSoundInternal             : exinfo->userclose          = 00007FFD143270E0
[LOG] SystemI::createSoundInternal             : exinfo->userread           = 00007FFD143271E0
[LOG] SystemI::createSoundInternal             : exinfo->userseek           = 00007FFD14327290
[LOG] SystemI::createSoundInternal             : exinfo->fileuserdata       = 0000000051E8AD78
[LOG] SystemI::DSPCodecPoolRegister            : register codec pool for pool type 5
[LOG] SystemI::createSoundInternal             : Format has 1 subsounds.
[LOG] SystemI::createSoundInternal             : Create as FMOD_CREATESAMPLE
[LOG] SystemI::createSoundInternal             : Multi-sample sound (1 subsounds), create a sample container.
[LOG] SystemI::createSoundInternal             : creating subsound 0/1
[LOG] SystemI::createSample                    : mode 02000202 length 90250 samples, lengthbytes 12480
[LOG] SystemI::createSample                    : channels = 1
[LOG] SystemI::createSample                    : output = 00000000558C7A48
[LOG] OutputSoftware::createSample             : lengthpcm 90250, lengthbytes 12480, channels 1, format 2, freq 48000, mode 0200020a
[LOG] SystemI::createSoundInternal             : No name found in file, use filename.
[LOG] SystemI::createSoundInternal             : done.  OpenState now = FMOD_OPENSTATE_READY.

[LOG] SystemI::createSound                     : filename = D:\Cindy Ho\Documents\Tower Defense Assets\FMOD\FMOD Project\Build\Desktop/Master Bank.bank : mode 02012082
[LOG] SystemI::createSound                     : FMOD_NONBLOCKING specified.  Putting into queue to be opened asynchronously!
[LOG] SystemI::createSound                     : setdata soundi = 000000005629C7E8 : node = 000000000082F720
[LOG] SystemI::createSound                     : add node to async list : head = 0000000051B44FF8.  list count = 0
[LOG] AsyncThread::threadFunc                  : Starting Asynchronous operation on sound 000000005629C7E8
[LOG] SystemI::createSoundInternal             :     filename = D:\Cindy Ho\Documents\Tower Defense Assets\FMOD\FMOD Project\Build\Desktop/Master Bank.bank : mode 02012082
[LOG] SystemI::createSoundInternal             :     exinfo->cbsize             = 232
[LOG] SystemI::createSoundInternal             :     exinfo->length             = 3986080
[LOG] SystemI::createSoundInternal             :     exinfo->fileoffset         = 24832
[LOG] SystemI::createSoundInternal             :     exinfo->numsubsounds       = 1
[LOG] SystemI::createSoundInternal             :     exinfo->inclusionlist      = 000000000082F838
[LOG] SystemI::createSoundInternal             :     exinfo->inclusionlistnum   = 1
[LOG] SystemI::createSoundInternal             :     exinfo->suggestedsoundtype = 5
[LOG] SystemI::createSoundInternal             :     Format has 1 subsounds.
[LOG] SystemI::createSoundInternal             :     Create as FMOD_CREATESTREAM
[LOG] System::createSoundInternal              :     decode buffersize = 19200 : blocksize = 256 : format = 2
[LOG] SystemI::createSample                    :     mode 02012082 length 19200 samples, lengthbytes 1038944
[LOG] SystemI::createSample                    :     channels = 2
[LOG] SystemI::createSample                    :     output = 00000000558C7A48
[LOG] OutputSoftware::createSample             :     lengthpcm 19200, lengthbytes 1038944, channels 2, format 2, freq 48000, mode 0201208a
[LOG] System::createSoundInternal              :     1 subsounds detected.
[LOG] System::createSoundInternal              :     Seek stream to start
[LOG] System::createSoundInternal              :     switch file handle from small blocking single buffered to large nonblocking doublebuffered.
[LOG] SystemI::createSoundInternal             :     done.  OpenState now = FMOD_OPENSTATE_READY.

[LOG] AsyncThread::threadFunc                  : Finished Asynchronous operation on sound 000000005629C7E8
[LOG] SoundI::getSubSound                      : sound 000000005629C7E8.  Subsound index 0 / 1
[LOG] SoundI::getSubSound                      : starting non blocking seek and setting sound to not ready state
[LOG] SoundI::getSubSound                      : finished preparing nonblocking getSubSound seek
[LOG] AsyncThread::threadFunc                  : Starting Asynchronous operation on sound 000000005629C998
[LOG] AsyncThread::threadFunc                  :     done setposition
[LOG] AsyncThread::threadFunc                  :     done flush
[LOG] AsyncThread::threadFunc                  : Finished Asynchronous operation on sound 000000005629C998
[LOG] AsyncThread::threadFunc                  : Starting Asynchronous operation on sound 000000005629C998
[LOG] AsyncThread::threadFunc                  : Finished Asynchronous operation on sound 000000005629C998
[LOG] SoundI::release                          : backgroundMusic (0000000051768CE8)
[LOG] SoundI::release                          : remove stream samples. (0000000051768CE8)
[LOG] SoundI::release                          :     backgroundMusic (0000000051B451E8)
[LOG] SoundI::release                          :     done
[LOG] SoundI::release                          : release subsounds. (0000000051768CE8)
[LOG] SoundI::release                          :     backgroundMusic (0000000051768E98)
[LOG] SoundI::release                          :     done
[LOG] SoundI::release                          : release codec. (0000000051768CE8)
[LOG] SoundI::release                          : done
[LOG] SystemI::createSound                     : filename = D:\Cindy Ho\Documents\Tower Defense Assets\FMOD\FMOD Project\Build\Desktop/Master Bank.bank : mode 02012082
[LOG] SystemI::createSound                     : FMOD_NONBLOCKING specified.  Putting into queue to be opened asynchronously!
[LOG] SystemI::createSound                     : setdata soundi = 0000000051768CE8 : node = 000000000082FC60
[LOG] SystemI::createSound                     : add node to async list : head = 0000000051B44FF8.  list count = 0
[LOG] AsyncThread::threadFunc                  : Starting Asynchronous operation on sound 0000000051768CE8
[LOG] SystemI::createSoundInternal             :     filename = D:\Cindy Ho\Documents\Tower Defense Assets\FMOD\FMOD Project\Build\Desktop/Master Bank.bank : mode 02012082
[LOG] SystemI::createSoundInternal             :     exinfo->cbsize             = 232
[LOG] SystemI::createSoundInternal             :     exinfo->length             = 3986080
[LOG] SystemI::createSoundInternal             :     exinfo->fileoffset         = 24832
[LOG] SystemI::createSoundInternal             :     exinfo->numsubsounds       = 1
[LOG] SystemI::createSoundInternal             :     exinfo->inclusionlist      = 000000000082FD78
[LOG] SystemI::createSoundInternal             :     exinfo->inclusionlistnum   = 1
[LOG] SystemI::createSoundInternal             :     exinfo->suggestedsoundtype = 5
[LOG] SystemI::createSoundInternal             :     Format has 1 subsounds.
[LOG] SystemI::createSoundInternal             :     Create as FMOD_CREATESTREAM
[LOG] System::createSoundInternal              :     decode buffersize = 19200 : blocksize = 256 : format = 2
[LOG] SystemI::createSample                    :     mode 02012082 length 19200 samples, lengthbytes 1038944
[LOG] SystemI::createSample                    :     channels = 2
[LOG] SystemI::createSample                    :     output = 00000000558C7A48
[LOG] OutputSoftware::createSample             :     lengthpcm 19200, lengthbytes 1038944, channels 2, format 2, freq 48000, mode 0201208a
[LOG] System::createSoundInternal              :     1 subsounds detected.
[LOG] System::createSoundInternal              :     Seek stream to start
[LOG] System::createSoundInternal              :     switch file handle from small blocking single buffered to large nonblocking doublebuffered.
[LOG] SystemI::createSoundInternal             :     done.  OpenState now = FMOD_OPENSTATE_READY.

[LOG] AsyncThread::threadFunc                  : Finished Asynchronous operation on sound 0000000051768CE8
[LOG] SoundI::getSubSound                      : sound 0000000051768CE8.  Subsound index 0 / 1
[LOG] SoundI::getSubSound                      : starting non blocking seek and setting sound to not ready state
[LOG] SoundI::getSubSound                      : finished preparing nonblocking getSubSound seek
[LOG] AsyncThread::threadFunc                  : Starting Asynchronous operation on sound 0000000051768E98
[LOG] AsyncThread::threadFunc                  :     done setposition
[LOG] AsyncThread::threadFunc                  :     done flush
[LOG] AsyncThread::threadFunc                  : Finished Asynchronous operation on sound 0000000051768E98
[LOG] AsyncThread::threadFunc                  : Starting Asynchronous operation on sound 0000000051768E98
[LOG] AsyncThread::threadFunc                  : Finished Asynchronous operation on sound 0000000051768E98
[LOG] SoundI::release                          : backgroundMusic (000000005629C7E8)
[LOG] SoundI::release                          : remove stream samples. (000000005629C7E8)
[LOG] SoundI::release                          :     backgroundMusic (0000000060CB08C8)
[LOG] SoundI::release                          :     done
[LOG] SoundI::release                          : release subsounds. (000000005629C7E8)
[LOG] SoundI::release                          :     backgroundMusic (000000005629C998)
[LOG] SoundI::release                          :     done
[LOG] SoundI::release                          : release codec. (000000005629C7E8)
[LOG] SoundI::release                          : done
[LOG] SystemI::createSound                     : filename = D:\Cindy Ho\Documents\Tower Defense Assets\FMOD\FMOD Project\Build\Desktop/Master Bank.bank : mode 02012082
[LOG] SystemI::createSound                     : FMOD_NONBLOCKING specified.  Putting into queue to be opened asynchronously!
[LOG] SystemI::createSound                     : setdata soundi = 000000005629C998 : node = 000000000082F720
[LOG] SystemI::createSound                     : add node to async list : head = 0000000051B44FF8.  list count = 0
[LOG] AsyncThread::threadFunc                  : Starting Asynchronous operation on sound 000000005629C998
[LOG] SystemI::createSoundInternal             :     filename = D:\Cindy Ho\Documents\Tower Defense Assets\FMOD\FMOD Project\Build\Desktop/Master Bank.bank : mode 02012082
[LOG] SystemI::createSoundInternal             :     exinfo->cbsize             = 232
[LOG] SystemI::createSoundInternal             :     exinfo->length             = 3986080
[LOG] SystemI::createSoundInternal             :     exinfo->fileoffset         = 24832
[LOG] SystemI::createSoundInternal             :     exinfo->numsubsounds       = 1
[LOG] SystemI::createSoundInternal             :     exinfo->inclusionlist      = 000000000082F838
[LOG] SystemI::createSoundInternal             :     exinfo->inclusionlistnum   = 1
[LOG] SystemI::createSoundInternal             :     exinfo->suggestedsoundtype = 5
[LOG] SystemI::createSoundInternal             :     Format has 1 subsounds.
[LOG] SystemI::createSoundInternal             :     Create as FMOD_CREATESTREAM
[LOG] System::createSoundInternal              :     decode buffersize = 19200 : blocksize = 256 : format = 2
[LOG] SystemI::createSample                    :     mode 02012082 length 19200 samples, lengthbytes 761248
[LOG] SystemI::createSample                    :     channels = 2
[LOG] SystemI::createSample                    :     output = 00000000558C7A48
[LOG] OutputSoftware::createSample             :     lengthpcm 19200, lengthbytes 761248, channels 2, format 2, freq 48000, mode 0201208a
[LOG] System::createSoundInternal              :     1 subsounds detected.
[LOG] System::createSoundInternal              :     Seek stream to start
[LOG] System::createSoundInternal              :     switch file handle from small blocking single buffered to large nonblocking doublebuffered.
[LOG] SystemI::createSoundInternal             :     done.  OpenState now = FMOD_OPENSTATE_READY.

[LOG] AsyncThread::threadFunc                  : Finished Asynchronous operation on sound 000000005629C998
[LOG] SoundI::getSubSound                      : sound 000000005629C998.  Subsound index 0 / 1
[LOG] SoundI::getSubSound                      : starting non blocking seek and setting sound to not ready state
[LOG] SoundI::getSubSound                      : finished preparing nonblocking getSubSound seek
[LOG] AsyncThread::threadFunc                  : Starting Asynchronous operation on sound 000000005629C7E8
[LOG] AsyncThread::threadFunc                  :     done setposition
[LOG] SystemI::createSoundInternal             :     filename =  : mode 02000202
[LOG] SystemI::createSoundInternal             :     exinfo->cbsize             = 232
[LOG] SystemI::createSoundInternal             :     exinfo->length             = 3986080
[LOG] SystemI::createSoundInternal             :     exinfo->fileoffset         = 24832
[LOG] SystemI::createSoundInternal             :     exinfo->numsubsounds       = 1
[LOG] SystemI::createSoundInternal             :     exinfo->inclusionlist      = 000000007D0DFBF8
[LOG] SystemI::createSoundInternal             :     exinfo->inclusionlistnum   = 1
[LOG] SystemI::createSoundInternal             :     exinfo->suggestedsoundtype = 5
[LOG] SystemI::createSoundInternal             :     exinfo->useropen           = 00007FFD14327110
[LOG] SystemI::createSoundInternal             :     exinfo->userclose          = 00007FFD143270E0
[LOG] SystemI::createSoundInternal             :     exinfo->userread           = 00007FFD143271E0
[LOG] SystemI::createSoundInternal             :     exinfo->userseek           = 00007FFD14327290
[LOG] SystemI::createSoundInternal             :     exinfo->fileuserdata       = 0000000051BE4328
[LOG] SystemI::DSPCodecPoolRegister            :     register codec pool for pool type 5
[LOG] SystemI::createSoundInternal             :     Format has 1 subsounds.
[LOG] SystemI::createSoundInternal             :     Create as FMOD_CREATESAMPLE
[LOG] SystemI::createSoundInternal             :     Multi-sample sound (1 subsounds), create a sample container.
[LOG] SystemI::createSoundInternal             :     creating subsound 0/1
[LOG] SystemI::createSample                    :     mode 02000202 length 114814 samples, lengthbytes 30688
[LOG] SystemI::createSample                    :     channels = 2
[LOG] SystemI::createSample                    :     output = 00000000558C7A48
[LOG] OutputSoftware::createSample             :     lengthpcm 114814, lengthbytes 30688, channels 2, format 2, freq 48000, mode 0200020a
[LOG] SystemI::createSoundInternal             :     No name found in file, use filename.
[LOG] SystemI::createSoundInternal             :     done.  OpenState now = FMOD_OPENSTATE_READY.

[LOG] AsyncThread::threadFunc                  :     done flush
[LOG] AsyncThread::threadFunc                  : Finished Asynchronous operation on sound 000000005629C7E8
[LOG] AsyncThread::threadFunc                  : Starting Asynchronous operation on sound 000000005629C7E8
[LOG] AsyncThread::threadFunc                  : Finished Asynchronous operation on sound 000000005629C7E8
[LOG] SoundI::release                          : backgroundMusic (0000000051768CE8)
[LOG] SoundI::release                          : remove stream samples. (0000000051768CE8)
[LOG] SoundI::release                          :     backgroundMusic (0000000060DB6BF8)
[LOG] SoundI::release                          :     done
[LOG] SoundI::release                          : release subsounds. (0000000051768CE8)
[LOG] SoundI::release                          :     backgroundMusic (0000000051768E98)
[LOG] SoundI::release                          :     done
[LOG] SoundI::release                          : release codec. (0000000051768CE8)
[LOG] SoundI::release                          : done
[LOG] SoundI::release                          : winMusic (000000005629C998)
[LOG] SoundI::release                          : remove stream samples. (000000005629C998)
[LOG] SoundI::release                          :     winMusic (0000000051F97318)
[LOG] SoundI::release                          :     done
[LOG] SoundI::release                          : release subsounds. (000000005629C998)
[LOG] SoundI::release                          :     winMusic (000000005629C7E8)
[LOG] SoundI::release                          :     done
[LOG] SoundI::release                          : release codec. (000000005629C998)
[LOG] SoundI::release                          : done
[LOG] SystemI::createSound                     : filename = D:\Cindy Ho\Documents\Tower Defense Assets\FMOD\FMOD Project\Build\Desktop/Master Bank.bank : mode 02012082
[LOG] SystemI::createSound                     : FMOD_NONBLOCKING specified.  Putting into queue to be opened asynchronously!
[LOG] SystemI::createSound                     : setdata soundi = 000000005629CCF8 : node = 000000000082FC60
[LOG] SystemI::createSound                     : add node to async list : head = 0000000051B44FF8.  list count = 0
[LOG] AsyncThread::threadFunc                  : Starting Asynchronous operation on sound 000000005629CCF8
[LOG] SystemI::createSoundInternal             :     filename = D:\Cindy Ho\Documents\Tower Defense Assets\FMOD\FMOD Project\Build\Desktop/Master Bank.bank : mode 02012082
[LOG] SystemI::createSoundInternal             :     exinfo->cbsize             = 232
[LOG] SystemI::createSoundInternal             :     exinfo->length             = 3986080
[LOG] SystemI::createSoundInternal             :     exinfo->fileoffset         = 24832
[LOG] SystemI::createSoundInternal             :     exinfo->numsubsounds       = 1
[LOG] SystemI::createSoundInternal             :     exinfo->inclusionlist      = 000000000082FD78
[LOG] SystemI::createSoundInternal             :     exinfo->inclusionlistnum   = 1
[LOG] SystemI::createSoundInternal             :     exinfo->suggestedsoundtype = 5
[LOG] SystemI::createSoundInternal             :     Format has 1 subsounds.
[LOG] SystemI::createSoundInternal             :     Create as FMOD_CREATESTREAM
[LOG] System::createSoundInternal              :     decode buffersize = 19200 : blocksize = 256 : format = 2
[LOG] SystemI::createSample                    :     mode 02012082 length 19200 samples, lengthbytes 1038944
[LOG] SystemI::createSample                    :     channels = 2
[LOG] SystemI::createSample                    :     output = 00000000558C7A48
[LOG] OutputSoftware::createSample             :     lengthpcm 19200, lengthbytes 1038944, channels 2, format 2, freq 48000, mode 0201208a
[LOG] System::createSoundInternal              :     1 subsounds detected.
[LOG] System::createSoundInternal              :     Seek stream to start
[LOG] System::createSoundInternal              :     switch file handle from small blocking single buffered to large nonblocking doublebuffered.
[LOG] SystemI::createSoundInternal             :     done.  OpenState now = FMOD_OPENSTATE_READY.

[LOG] AsyncThread::threadFunc                  : Finished Asynchronous operation on sound 000000005629CCF8
[LOG] SoundI::getSubSound                      : sound 000000005629CCF8.  Subsound index 0 / 1
[LOG] SoundI::getSubSound                      : starting non blocking seek and setting sound to not ready state
[LOG] SoundI::getSubSound                      : finished preparing nonblocking getSubSound seek
[LOG] AsyncThread::threadFunc                  : Starting Asynchronous operation on sound 000000005629C7E8
[LOG] AsyncThread::threadFunc                  :     done setposition
[LOG] AsyncThread::threadFunc                  :     done flush
[LOG] AsyncThread::threadFunc                  : Finished Asynchronous operation on sound 000000005629C7E8
[LOG] AsyncThread::threadFunc                  : Starting Asynchronous operation on sound 000000005629C7E8
[LOG] AsyncThread::threadFunc                  : Finished Asynchronous operation on sound 000000005629C7E8
[LOG] SoundI::release                          : backgroundMusic (000000005629CCF8)
[LOG] SoundI::release                          : remove stream samples. (000000005629CCF8)
[LOG] SoundI::release                          :     backgroundMusic (0000000051F99EF8)
[LOG] SoundI::release                          :     done
[LOG] SoundI::release                          : release subsounds. (000000005629CCF8)
[LOG] SoundI::release                          :     backgroundMusic (000000005629C7E8)
[LOG] SoundI::release                          :     done
[LOG] SoundI::release                          : release codec. (000000005629CCF8)
[LOG] SoundI::release                          : done
[LOG] SoundI::release                          :  (0000000055BB9A78)
[LOG] SoundI::release                          : release subsounds. (0000000055BB9A78)
[LOG] SoundI::release                          :     teleport (000000003A6D39B8)
[LOG] SoundI::release                          :     done
[LOG] SoundI::release                          : release codec. (0000000055BB9A78)
[LOG] SoundI::release                          : done
[LOG] SoundI::release                          :  (0000000055BB9798)
[LOG] SoundI::release                          : release subsounds. (0000000055BB9798)
[LOG] SoundI::release                          :     buildUI (0000000051B456C8)
[LOG] SoundI::release                          :     done
[LOG] SoundI::release                          : release codec. (0000000055BB9798)
[LOG] SoundI::release                          : done
[LOG] SoundI::release                          :  (0000000055BB91D8)
[LOG] SoundI::release                          : release subsounds. (0000000055BB91D8)
[LOG] SoundI::release                          :     magicBall (0000000055F14A48)
[LOG] SoundI::release                          :     done
[LOG] SoundI::release                          : release codec. (0000000055BB91D8)
[LOG] SoundI::release                          : done
[LOG] SoundI::release                          :  (0000000055BB94B8)
[LOG] SoundI::release                          : release subsounds. (0000000055BB94B8)
[LOG] SoundI::release                          :     canonExplosion (00000000558DCAC8)
[LOG] SoundI::release                          :     done
[LOG] SoundI::release                          : release codec. (0000000055BB94B8)
[LOG] SoundI::release                          : done
[LOG] SoundI::release                          :  (0000000055BB9628)
[LOG] SoundI::release                          : release subsounds. (0000000055BB9628)
[LOG] SoundI::release                          :     buildTime (0000000051B44688)
[LOG] SoundI::release                          :     done
[LOG] SoundI::release                          : release codec. (0000000055BB9628)
[LOG] SoundI::release                          : done
[LOG] SoundI::release                          :  (0000000055BB9348)
[LOG] SoundI::release                          : release subsounds. (0000000055BB9348)
[LOG] SoundI::release                          :     towerBuild (0000000055783A88)
[LOG] SoundI::release                          :     done
[LOG] SoundI::release                          : release codec. (0000000055BB9348)
[LOG] SoundI::release                          : done
[LOG] SoundI::release                          :  (0000000055BB9BE8)
[LOG] SoundI::release                          : release subsounds. (0000000055BB9BE8)
[LOG] SoundI::release                          :     spawnEnemy (0000000055F14568)
[LOG] SoundI::release                          :     done
[LOG] SoundI::release                          : release codec. (0000000055BB9BE8)
[LOG] SoundI::release                          : done
[LOG] SoundI::release                          :  (0000000055BB9D58)
[LOG] SoundI::release                          : release subsounds. (0000000055BB9D58)
[LOG] SoundI::release                          :     firework (0000000051F9B0D8)
[LOG] SoundI::release                          :     done
[LOG] SoundI::release                          : release codec. (0000000055BB9D58)
[LOG] SoundI::release                          : done
[LOG] Thread::callback                         : FMOD Studio update thread finished.
[LOG] Thread::callback                         : FMOD Studio bank load thread finished.
[LOG] Profile::disconnectAll                   : Profiler disconnecting all clients
[LOG] Thread::callback                         : FMOD Studio sample load thread finished.
[LOG] LiveUpdate::release                      : 
[LOG] LiveUpdate::reset                        : Reset connection (reason Disconnected)
[LOG] SystemI::close                           : 
[LOG] SystemI::close                           : Stop all sounds
[LOG] Thread::callback                         : FMOD stream thread finished.
[LOG] SystemI::close                           : Stream thread destroyed
[LOG] Thread::callback                         : FMOD mixer thread finished.
[LOG] SystemI::close                           : Free master channel group.
[LOG] SystemI::close                           : Remove 'master' sound group.
[LOG] SystemI::close                           : Free software output.
[LOG] SystemI::close                           : Free emulated output.
[LOG] SystemI::close                           : Free channel pool.
[LOG] Thread::callback                         : FMOD nonblocking thread (0) finished.
[LOG] Thread::callback                         : FMOD file thread finished.
[LOG] SystemI::close                           : done.

